<?xml version="1.0" encoding="UTF-8"?>
<!-- Generated by org.testng.reporters.JUnitXMLReporter -->
<testsuite hostname="WKWIN8417882" ignored="0" name="Default test" tests="4" failures="0" timestamp="03 Mar 2019 08:02:53 GMT" time="23.365" errors="0">
  <testcase name="open_browser" time="0.007" classname="Naukri.LogIn"/>
  <testcase name="search" time="0.0" classname="Naukri.LogIn"/>
  <testcase name="test1" time="0.014" classname="Naukri.LogIn"/>
  <testcase name="loign" time="10.469" classname="Naukri.LogIn"/>
</testsuite> <!-- Default test -->
