<?xml version="1.0" encoding="UTF-8"?>
<testng-results skipped="0" failed="0" ignored="0" total="4" passed="4">
  <reporter-output>
  </reporter-output>
  <suite name="Default suite" duration-ms="23365" started-at="2019-03-03T08:02:29Z" finished-at="2019-03-03T08:02:52Z">
    <groups>
    </groups>
    <test name="Default test" duration-ms="23365" started-at="2019-03-03T08:02:29Z" finished-at="2019-03-03T08:02:52Z">
      <class name="Naukri.LogIn">
        <test-method status="PASS" signature="beforeTest()[pri:0, instance:Naukri.LogIn@464bee09]" name="beforeTest" is-config="true" duration-ms="12826" started-at="2019-03-03T08:02:29Z" finished-at="2019-03-03T08:02:42Z">
          <reporter-output>
          </reporter-output>
        </test-method> <!-- beforeTest -->
        <test-method status="PASS" signature="beforeClass()[pri:0, instance:Naukri.LogIn@464bee09]" name="beforeClass" is-config="true" duration-ms="0" started-at="2019-03-03T08:02:42Z" finished-at="2019-03-03T08:02:42Z">
          <reporter-output>
          </reporter-output>
        </test-method> <!-- beforeClass -->
        <test-method status="PASS" signature="open_browser()[pri:0, instance:Naukri.LogIn@464bee09]" name="open_browser" duration-ms="7" started-at="2019-03-03T08:02:42Z" finished-at="2019-03-03T08:02:42Z">
          <reporter-output>
          </reporter-output>
        </test-method> <!-- open_browser -->
        <test-method status="PASS" signature="search()[pri:0, instance:Naukri.LogIn@464bee09]" name="search" duration-ms="0" started-at="2019-03-03T08:02:42Z" finished-at="2019-03-03T08:02:42Z">
          <reporter-output>
          </reporter-output>
        </test-method> <!-- search -->
        <test-method status="PASS" signature="test1()[pri:0, instance:Naukri.LogIn@464bee09]" name="test1" duration-ms="14" started-at="2019-03-03T08:02:42Z" finished-at="2019-03-03T08:02:42Z">
          <reporter-output>
          </reporter-output>
        </test-method> <!-- test1 -->
        <test-method status="PASS" signature="loign()[pri:1, instance:Naukri.LogIn@464bee09]" name="loign" duration-ms="10469" started-at="2019-03-03T08:02:42Z" finished-at="2019-03-03T08:02:52Z">
          <reporter-output>
          </reporter-output>
        </test-method> <!-- loign -->
        <test-method status="PASS" signature="afterClass()[pri:0, instance:Naukri.LogIn@464bee09]" name="afterClass" is-config="true" duration-ms="0" started-at="2019-03-03T08:02:52Z" finished-at="2019-03-03T08:02:52Z">
          <reporter-output>
          </reporter-output>
        </test-method> <!-- afterClass -->
      </class> <!-- Naukri.LogIn -->
    </test> <!-- Default test -->
  </suite> <!-- Default suite -->
</testng-results>
